{"C:\\Users\\Administrator\\Documents\\REACTNATIVE\\KRides\\helpers\\rideCalculations.js": {"path":"C:\\Users\\Administrator\\Documents\\REACTNATIVE\\KRides\\helpers\\rideCalculations.js","statementMap":{"0":{"start":{"line":7,"column":33},"end":{"line":25,"column":1}},"1":{"start":{"line":8,"column":1},"end":{"line":8,"column":34}},"2":{"start":{"line":8,"column":25},"end":{"line":8,"column":34}},"3":{"start":{"line":10,"column":11},"end":{"line":10,"column":15}},"4":{"start":{"line":11,"column":14},"end":{"line":11,"column":58}},"5":{"start":{"line":12,"column":14},"end":{"line":12,"column":60}},"6":{"start":{"line":15,"column":2},"end":{"line":19,"column":20}},"7":{"start":{"line":21,"column":11},"end":{"line":21,"column":57}},"8":{"start":{"line":22,"column":18},"end":{"line":22,"column":23}},"9":{"start":{"line":24,"column":1},"end":{"line":24,"column":41}},"10":{"start":{"line":30,"column":18},"end":{"line":32,"column":1}},"11":{"start":{"line":31,"column":1},"end":{"line":31,"column":34}},"12":{"start":{"line":40,"column":38},"end":{"line":49,"column":1}},"13":{"start":{"line":41,"column":1},"end":{"line":41,"column":47}},"14":{"start":{"line":41,"column":38},"end":{"line":41,"column":47}},"15":{"start":{"line":43,"column":25},"end":{"line":43,"column":27}},"16":{"start":{"line":44,"column":19},"end":{"line":44,"column":47}},"17":{"start":{"line":45,"column":21},"end":{"line":45,"column":46}},"18":{"start":{"line":48,"column":1},"end":{"line":48,"column":33}},"19":{"start":{"line":56,"column":30},"end":{"line":65,"column":1}},"20":{"start":{"line":57,"column":1},"end":{"line":57,"column":52}},"21":{"start":{"line":57,"column":38},"end":{"line":57,"column":52}},"22":{"start":{"line":59,"column":1},"end":{"line":62,"column":2}},"23":{"start":{"line":60,"column":17},"end":{"line":60,"column":46}},"24":{"start":{"line":61,"column":2},"end":{"line":61,"column":23}},"25":{"start":{"line":64,"column":1},"end":{"line":64,"column":38}},"26":{"start":{"line":72,"column":26},"end":{"line":87,"column":1}},"27":{"start":{"line":73,"column":1},"end":{"line":73,"column":47}},"28":{"start":{"line":73,"column":32},"end":{"line":73,"column":47}},"29":{"start":{"line":75,"column":1},"end":{"line":77,"column":2}},"30":{"start":{"line":76,"column":2},"end":{"line":76,"column":26}},"31":{"start":{"line":79,"column":15},"end":{"line":79,"column":39}},"32":{"start":{"line":80,"column":26},"end":{"line":80,"column":38}},"33":{"start":{"line":82,"column":1},"end":{"line":84,"column":2}},"34":{"start":{"line":83,"column":2},"end":{"line":83,"column":23}},"35":{"start":{"line":86,"column":1},"end":{"line":86,"column":46}},"36":{"start":{"line":96,"column":29},"end":{"line":105,"column":1}},"37":{"start":{"line":97,"column":18},"end":{"line":97,"column":21}},"38":{"start":{"line":99,"column":1},"end":{"line":103,"column":2}},"39":{"start":{"line":100,"column":2},"end":{"line":100,"column":37}},"40":{"start":{"line":102,"column":2},"end":{"line":102,"column":36}},"41":{"start":{"line":104,"column":1},"end":{"line":104,"column":13}}},"fnMap":{"0":{"name":"(anonymous_0)","decl":{"start":{"line":7,"column":33},"end":{"line":7,"column":34}},"loc":{"start":{"line":7,"column":53},"end":{"line":25,"column":1}},"line":7},"1":{"name":"(anonymous_1)","decl":{"start":{"line":30,"column":18},"end":{"line":30,"column":19}},"loc":{"start":{"line":30,"column":31},"end":{"line":32,"column":1}},"line":30},"2":{"name":"(anonymous_2)","decl":{"start":{"line":40,"column":38},"end":{"line":40,"column":39}},"loc":{"start":{"line":40,"column":54},"end":{"line":49,"column":1}},"line":40},"3":{"name":"(anonymous_3)","decl":{"start":{"line":56,"column":30},"end":{"line":56,"column":31}},"loc":{"start":{"line":56,"column":46},"end":{"line":65,"column":1}},"line":56},"4":{"name":"(anonymous_4)","decl":{"start":{"line":72,"column":26},"end":{"line":72,"column":27}},"loc":{"start":{"line":72,"column":39},"end":{"line":87,"column":1}},"line":72},"5":{"name":"(anonymous_5)","decl":{"start":{"line":96,"column":29},"end":{"line":96,"column":30}},"loc":{"start":{"line":96,"column":57},"end":{"line":105,"column":1}},"line":96}},"branchMap":{"0":{"loc":{"start":{"line":8,"column":1},"end":{"line":8,"column":34}},"type":"if","locations":[{"start":{"line":8,"column":1},"end":{"line":8,"column":34}},{"start":{},"end":{}}],"line":8},"1":{"loc":{"start":{"line":8,"column":5},"end":{"line":8,"column":23}},"type":"binary-expr","locations":[{"start":{"line":8,"column":5},"end":{"line":8,"column":12}},{"start":{"line":8,"column":16},"end":{"line":8,"column":23}}],"line":8},"2":{"loc":{"start":{"line":41,"column":1},"end":{"line":41,"column":47}},"type":"if","locations":[{"start":{"line":41,"column":1},"end":{"line":41,"column":47}},{"start":{},"end":{}}],"line":41},"3":{"loc":{"start":{"line":41,"column":5},"end":{"line":41,"column":36}},"type":"binary-expr","locations":[{"start":{"line":41,"column":5},"end":{"line":41,"column":16}},{"start":{"line":41,"column":20},"end":{"line":41,"column":36}}],"line":41},"4":{"loc":{"start":{"line":57,"column":1},"end":{"line":57,"column":52}},"type":"if","locations":[{"start":{"line":57,"column":1},"end":{"line":57,"column":52}},{"start":{},"end":{}}],"line":57},"5":{"loc":{"start":{"line":57,"column":5},"end":{"line":57,"column":36}},"type":"binary-expr","locations":[{"start":{"line":57,"column":5},"end":{"line":57,"column":16}},{"start":{"line":57,"column":20},"end":{"line":57,"column":36}}],"line":57},"6":{"loc":{"start":{"line":59,"column":1},"end":{"line":62,"column":2}},"type":"if","locations":[{"start":{"line":59,"column":1},"end":{"line":62,"column":2}},{"start":{},"end":{}}],"line":59},"7":{"loc":{"start":{"line":73,"column":1},"end":{"line":73,"column":47}},"type":"if","locations":[{"start":{"line":73,"column":1},"end":{"line":73,"column":47}},{"start":{},"end":{}}],"line":73},"8":{"loc":{"start":{"line":73,"column":5},"end":{"line":73,"column":30}},"type":"binary-expr","locations":[{"start":{"line":73,"column":5},"end":{"line":73,"column":13}},{"start":{"line":73,"column":17},"end":{"line":73,"column":30}}],"line":73},"9":{"loc":{"start":{"line":75,"column":1},"end":{"line":77,"column":2}},"type":"if","locations":[{"start":{"line":75,"column":1},"end":{"line":77,"column":2}},{"start":{},"end":{}}],"line":75},"10":{"loc":{"start":{"line":82,"column":1},"end":{"line":84,"column":2}},"type":"if","locations":[{"start":{"line":82,"column":1},"end":{"line":84,"column":2}},{"start":{},"end":{}}],"line":82},"11":{"loc":{"start":{"line":99,"column":1},"end":{"line":103,"column":2}},"type":"if","locations":[{"start":{"line":99,"column":1},"end":{"line":103,"column":2}},{"start":{"line":101,"column":8},"end":{"line":103,"column":2}}],"line":99}},"s":{"0":1,"1":3,"2":1,"3":2,"4":2,"5":2,"6":2,"7":2,"8":2,"9":2,"10":1,"11":8,"12":1,"13":3,"14":1,"15":2,"16":2,"17":2,"18":2,"19":1,"20":3,"21":1,"22":2,"23":1,"24":1,"25":1,"26":1,"27":4,"28":1,"29":3,"30":1,"31":2,"32":2,"33":2,"34":1,"35":1,"36":1,"37":4,"38":4,"39":2,"40":2,"41":4},"f":{"0":3,"1":8,"2":3,"3":3,"4":4,"5":4},"b":{"0":[1,2],"1":[3,2],"2":[1,2],"3":[3,2],"4":[1,2],"5":[3,2],"6":[1,1],"7":[1,3],"8":[4,3],"9":[1,2],"10":[1,1],"11":[2,2]},"_coverageSchema":"1a1c01bbd47fc00a2c39e90264f33305004495a9","hash":"cafcbfde633b4ae19de358a070b166f8e24a0633"}
}
