TN:
SF:helpers\rideCalculations.js
FN:7,(anonymous_0)
FN:30,(anonymous_1)
FN:40,(anonymous_2)
FN:56,(anonymous_3)
FN:72,(anonymous_4)
FN:96,(anonymous_5)
FNF:6
FNH:6
FNDA:3,(anonymous_0)
FNDA:8,(anonymous_1)
FNDA:3,(anonymous_2)
FNDA:3,(anonymous_3)
FNDA:4,(anonymous_4)
FNDA:4,(anonymous_5)
DA:7,1
DA:8,3
DA:10,2
DA:11,2
DA:12,2
DA:15,2
DA:21,2
DA:22,2
DA:24,2
DA:30,1
DA:31,8
DA:40,1
DA:41,3
DA:43,2
DA:44,2
DA:45,2
DA:48,2
DA:56,1
DA:57,3
DA:59,2
DA:60,1
DA:61,1
DA:64,1
DA:72,1
DA:73,4
DA:75,3
DA:76,1
DA:79,2
DA:80,2
DA:82,2
DA:83,1
DA:86,1
DA:96,1
DA:97,4
DA:99,4
DA:100,2
DA:102,2
DA:104,4
LF:38
LH:38
BRDA:8,0,0,1
BRDA:8,0,1,2
BRDA:8,1,0,3
BRDA:8,1,1,2
BRDA:41,2,0,1
BRDA:41,2,1,2
BRDA:41,3,0,3
BRDA:41,3,1,2
BRDA:57,4,0,1
BRDA:57,4,1,2
BRDA:57,5,0,3
BRDA:57,5,1,2
BRDA:59,6,0,1
BRDA:59,6,1,1
BRDA:73,7,0,1
BRDA:73,7,1,3
BRDA:73,8,0,4
BRDA:73,8,1,3
BRDA:75,9,0,1
BRDA:75,9,1,2
BRDA:82,10,0,1
BRDA:82,10,1,1
BRDA:99,11,0,2
BRDA:99,11,1,2
BRF:24
BRH:24
end_of_record
